<?xml version="1.0" encoding="UTF-8"?>
<!-- Generated by org.testng.reporters.JUnitReportReporter -->
<testsuite skipped="0" hostname="Syeds-MBP" name="testcases.ValidateSavedSearch" tests="1" failures="0" timestamp="16 Mar 2019 02:49:39 GMT" time="11.910" errors="0">
  <testcase name="validateSaveSearch" time="11.910" classname="testcases.ValidateSavedSearch"/>
</testsuite> <!-- testcases.ValidateSavedSearch -->
