<?xml version="1.0" encoding="UTF-8"?>
<!-- Generated by org.testng.reporters.JUnitReportReporter -->
<testsuite skipped="0" hostname="Syeds-MBP" name="testcases.ValidateSearching" tests="1" failures="0" timestamp="16 Mar 2019 02:49:39 GMT" time="11.982" errors="0">
  <testcase name="validateSearchFunctionality" time="11.982" classname="testcases.ValidateSearching"/>
</testsuite> <!-- testcases.ValidateSearching -->
