<?xml version="1.0" encoding="UTF-8"?>
<!-- Generated by org.testng.reporters.JUnitReportReporter -->
<testsuite skipped="0" hostname="Syeds-MBP" name="testcases.ValidateCartPage" tests="1" failures="0" timestamp="16 Mar 2019 02:49:39 GMT" time="6.774" errors="0">
  <testcase name="validateCartPage" time="6.774" classname="testcases.ValidateCartPage"/>
</testsuite> <!-- testcases.ValidateCartPage -->
