<?xml version="1.0" encoding="UTF-8"?>
<!-- Generated by org.testng.reporters.JUnitReportReporter -->
<testsuite skipped="0" hostname="Syeds-MBP" name="testcases.ValidateCartButton" tests="1" failures="0" timestamp="16 Mar 2019 02:49:39 GMT" time="6.955" errors="0">
  <testcase name="validateCartButton" time="6.955" classname="testcases.ValidateCartButton"/>
</testsuite> <!-- testcases.ValidateCartButton -->
