<?xml version="1.0" encoding="UTF-8"?>
<!-- Generated by org.testng.reporters.JUnitReportReporter -->
<testsuite skipped="0" hostname="NYC-MXL43819LK" name="testcases.ValidateSavedSearch" tests="1" failures="0" timestamp="15 Mar 2019 17:10:33 GMT" time="9.612" errors="0">
  <testcase name="validateSaveSearch" time="9.612" classname="testcases.ValidateSavedSearch"/>
</testsuite> <!-- testcases.ValidateSavedSearch -->
