<?xml version="1.0" encoding="UTF-8"?>
<!-- Generated by org.testng.reporters.JUnitReportReporter -->
<testsuite skipped="0" hostname="NYC-MXL43819LK" name="testcases.ValidateSaveThisSearchAndSaveButton" tests="1" failures="0" timestamp="15 Mar 2019 17:10:33 GMT" time="10.526" errors="0">
  <testcase name="validateSaveThisSearch" time="10.526" classname="testcases.ValidateSaveThisSearchAndSaveButton"/>
</testsuite> <!-- testcases.ValidateSaveThisSearchAndSaveButton -->
