<?xml version="1.0" encoding="UTF-8"?>
<!-- Generated by org.testng.reporters.JUnitReportReporter -->
<testsuite skipped="0" hostname="NYC-MXL43819LK" name="testcases.ValidateCartButton" tests="1" failures="0" timestamp="15 Mar 2019 17:10:33 GMT" time="4.975" errors="0">
  <testcase name="validateCartButton" time="4.975" classname="testcases.ValidateCartButton"/>
</testsuite> <!-- testcases.ValidateCartButton -->
