<?xml version="1.0" encoding="UTF-8"?>
<!-- Generated by org.testng.reporters.JUnitReportReporter -->
<testsuite skipped="0" hostname="NYC-MXL43819LK" name="testcases.ValidateSearching" tests="1" failures="0" timestamp="15 Mar 2019 17:10:33 GMT" time="11.400" errors="0">
  <testcase name="validateSearchFunctionality" time="11.400" classname="testcases.ValidateSearching"/>
</testsuite> <!-- testcases.ValidateSearching -->
