<?xml version="1.0" encoding="UTF-8"?>
<!-- Generated by org.testng.reporters.JUnitReportReporter -->
<testsuite skipped="0" hostname="Syeds-MBP" name="testcases.ValidateSearchButton" tests="1" failures="0" timestamp="16 Mar 2019 02:49:39 GMT" time="5.308" errors="0">
  <testcase name="validateSearchButton" time="5.308" classname="testcases.ValidateSearchButton"/>
</testsuite> <!-- testcases.ValidateSearchButton -->
